<?xml version="1.0" encoding="UTF-8"?>
<!-- Generated by org.testng.reporters.JUnitXMLReporter -->
<testsuite hostname="Erins-iMac.local" ignored="0" tests="5" failures="0" timestamp="26 Jan 2018 21:20:47 GMT" time="68.123" errors="0">
  <testcase name="testEmailDoesNotExistErrorMessage" time="3.413" classname="TestLoginPageErrorMessages"/>
  <testcase name="testEmailFieldBlankErrorMessage" time="2.763" classname="TestLoginPageErrorMessages"/>
  <testcase name="testInvalidEmailAddressErrorMessage" time="32.801" classname="TestLoginPageErrorMessages"/>
  <testcase name="testPasswordDoesNotMeetRequirementsErrorMessage" time="18.32" classname="TestLoginPageErrorMessages"/>
  <testcase name="testPasswordFieldBlankErrorMessage" time="2.77" classname="TestLoginPageErrorMessages"/>
</testsuite>
